2025-09-23 13:47:44,587 p=164676 u=you n=ansible INFO| [DEPRECATION WARNING]: community.general.yaml has been deprecated. The plugin has been superseded by the the option `result_format=yaml` in callback plugin ansible.builtin.default from 
ansible-core 2.13 onwards. This feature will be removed from community.general in version 13.0.0. Deprecation warnings can be disabled by setting deprecation_warnings=False in ansible.cfg.
2025-09-23 13:47:44,598 p=164676 u=you n=ansible INFO| PLAY [Setup Kubernetes Cluster] *************************************************************************************************************************************************************
2025-09-23 13:47:44,607 p=164676 u=you n=ansible INFO| TASK [common : Update apt cache] ************************************************************************************************************************************************************
2025-09-23 13:47:44,607 p=164676 u=you n=ansible INFO| Tuesday 23 September 2025  13:47:44 +0600 (0:00:00.012)       0:00:00.012 ***** 
2025-09-23 13:47:44,928 p=164676 u=you n=ansible INFO| fatal: [master1]: FAILED! => changed=false 
  msg: 'E:Conflicting values set for option Signed-By regarding source https://pkgs.k8s.io/core:/stable:/v1.33/deb/ /: /usr/share/keyrings/kubernetes-apt-keyring.gpg != , E:The list of sources could not be read.'
2025-09-23 13:47:44,930 p=164676 u=you n=ansible INFO| fatal: [master2]: FAILED! => changed=false 
  msg: 'E:Conflicting values set for option Signed-By regarding source https://pkgs.k8s.io/core:/stable:/v1.33/deb/ /: /usr/share/keyrings/kubernetes-apt-keyring.gpg != , E:The list of sources could not be read.'
2025-09-23 13:47:44,930 p=164676 u=you n=ansible INFO| fatal: [worker1]: FAILED! => changed=false 
  msg: 'E:Conflicting values set for option Signed-By regarding source https://pkgs.k8s.io/core:/stable:/v1.33/deb/ /: /usr/share/keyrings/kubernetes-apt-keyring.gpg != , E:The list of sources could not be read.'
2025-09-23 13:47:44,931 p=164676 u=you n=ansible INFO| PLAY RECAP **********************************************************************************************************************************************************************************
2025-09-23 13:47:44,931 p=164676 u=you n=ansible INFO| master1                    : ok=0    changed=0    unreachable=0    failed=1    skipped=0    rescued=0    ignored=0   
2025-09-23 13:47:44,931 p=164676 u=you n=ansible INFO| master2                    : ok=0    changed=0    unreachable=0    failed=1    skipped=0    rescued=0    ignored=0   
2025-09-23 13:47:44,931 p=164676 u=you n=ansible INFO| worker1                    : ok=0    changed=0    unreachable=0    failed=1    skipped=0    rescued=0    ignored=0   
2025-09-23 13:47:44,932 p=164676 u=you n=ansible INFO| Tuesday 23 September 2025  13:47:44 +0600 (0:00:00.324)       0:00:00.336 ***** 
2025-09-23 13:47:44,932 p=164676 u=you n=ansible INFO| =============================================================================== 
2025-09-23 13:47:44,932 p=164676 u=you n=ansible INFO| common : Update apt cache ------------------------------------------------------------------------------------------------------------------------------------------------------------ 0.32s
2025-09-23 13:49:15,563 p=165521 u=you n=ansible INFO| [DEPRECATION WARNING]: community.general.yaml has been deprecated. The plugin has been superseded by the the option `result_format=yaml` in callback plugin ansible.builtin.default from 
ansible-core 2.13 onwards. This feature will be removed from community.general in version 13.0.0. Deprecation warnings can be disabled by setting deprecation_warnings=False in ansible.cfg.
2025-09-23 13:49:15,596 p=165521 u=you n=ansible INFO| PLAY [Ansible Ad-Hoc] ***********************************************************************************************************************************************************************
2025-09-23 13:49:15,613 p=165521 u=you n=ansible INFO| TASK [setup] ********************************************************************************************************************************************************************************
2025-09-23 13:49:15,613 p=165521 u=you n=ansible INFO| Tuesday 23 September 2025  13:49:15 +0600 (0:00:00.041)       0:00:00.041 ***** 
2025-09-23 13:49:16,806 p=165521 u=you n=ansible INFO| ok: [master1]
2025-09-23 13:49:16,824 p=165521 u=you n=ansible INFO| ok: [master2]
2025-09-23 13:49:17,796 p=165521 u=you n=ansible INFO| ok: [worker1]
2025-09-23 13:49:17,798 p=165521 u=you n=ansible INFO| PLAY RECAP **********************************************************************************************************************************************************************************
2025-09-23 13:49:17,798 p=165521 u=you n=ansible INFO| master1                    : ok=1    changed=0    unreachable=0    failed=0    skipped=0    rescued=0    ignored=0   
2025-09-23 13:49:17,798 p=165521 u=you n=ansible INFO| master2                    : ok=1    changed=0    unreachable=0    failed=0    skipped=0    rescued=0    ignored=0   
2025-09-23 13:49:17,798 p=165521 u=you n=ansible INFO| worker1                    : ok=1    changed=0    unreachable=0    failed=0    skipped=0    rescued=0    ignored=0   
2025-09-23 13:49:17,798 p=165521 u=you n=ansible INFO| Tuesday 23 September 2025  13:49:17 +0600 (0:00:02.184)       0:00:02.226 ***** 
2025-09-23 13:49:17,798 p=165521 u=you n=ansible INFO| =============================================================================== 
2025-09-23 13:49:17,798 p=165521 u=you n=ansible INFO| setup -------------------------------------------------------------------------------------------------------------------------------------------------------------------------------- 2.18s
2025-09-23 13:49:20,866 p=165705 u=you n=ansible INFO| [DEPRECATION WARNING]: community.general.yaml has been deprecated. The plugin has been superseded by the the option `result_format=yaml` in callback plugin ansible.builtin.default from 
ansible-core 2.13 onwards. This feature will be removed from community.general in version 13.0.0. Deprecation warnings can be disabled by setting deprecation_warnings=False in ansible.cfg.
2025-09-23 13:49:20,877 p=165705 u=you n=ansible INFO| PLAY [Setup Kubernetes Cluster] *************************************************************************************************************************************************************
2025-09-23 13:49:20,886 p=165705 u=you n=ansible INFO| TASK [common : Update apt cache] ************************************************************************************************************************************************************
2025-09-23 13:49:20,887 p=165705 u=you n=ansible INFO| Tuesday 23 September 2025  13:49:20 +0600 (0:00:00.012)       0:00:00.012 ***** 
2025-09-23 13:49:26,117 p=165705 u=you n=ansible INFO| changed: [master2]
2025-09-23 13:49:27,125 p=165705 u=you n=ansible INFO| changed: [worker1]
2025-09-23 13:49:27,723 p=165705 u=you n=ansible INFO| changed: [master1]
2025-09-23 13:49:27,730 p=165705 u=you n=ansible INFO| TASK [common : Install required packages] ***************************************************************************************************************************************************
2025-09-23 13:49:27,730 p=165705 u=you n=ansible INFO| Tuesday 23 September 2025  13:49:27 +0600 (0:00:06.843)       0:00:06.856 ***** 
2025-09-23 13:50:04,210 p=165705 u=you n=ansible INFO| changed: [master1]
2025-09-23 13:50:33,037 p=165705 u=you n=ansible INFO| changed: [worker1]
2025-09-23 13:51:17,365 p=165705 u=you n=ansible INFO| changed: [master2]
2025-09-23 13:51:17,372 p=165705 u=you n=ansible INFO| TASK [common : Disable swap] ****************************************************************************************************************************************************************
2025-09-23 13:51:17,373 p=165705 u=you n=ansible INFO| Tuesday 23 September 2025  13:51:17 +0600 (0:01:49.642)       0:01:56.498 ***** 
2025-09-23 13:51:17,574 p=165705 u=you n=ansible INFO| changed: [master2]
2025-09-23 13:51:17,574 p=165705 u=you n=ansible INFO| changed: [worker1]
2025-09-23 13:51:17,864 p=165705 u=you n=ansible INFO| changed: [master1]
2025-09-23 13:51:17,873 p=165705 u=you n=ansible INFO| TASK [common : Remove swap from fstab] ******************************************************************************************************************************************************
2025-09-23 13:51:17,873 p=165705 u=you n=ansible INFO| Tuesday 23 September 2025  13:51:17 +0600 (0:00:00.500)       0:01:56.999 ***** 
2025-09-23 13:51:18,081 p=165705 u=you n=ansible INFO| ok: [worker1]
2025-09-23 13:51:18,081 p=165705 u=you n=ansible INFO| ok: [master1]
2025-09-23 13:51:18,081 p=165705 u=you n=ansible INFO| ok: [master2]
2025-09-23 13:51:18,090 p=165705 u=you n=ansible INFO| TASK [common : Set timezone] ****************************************************************************************************************************************************************
2025-09-23 13:51:18,090 p=165705 u=you n=ansible INFO| Tuesday 23 September 2025  13:51:18 +0600 (0:00:00.217)       0:01:57.216 ***** 
2025-09-23 13:51:18,356 p=165705 u=you n=ansible INFO| changed: [master1]
2025-09-23 13:51:18,358 p=165705 u=you n=ansible INFO| changed: [worker1]
2025-09-23 13:51:18,360 p=165705 u=you n=ansible INFO| changed: [master2]
2025-09-23 13:51:18,369 p=165705 u=you n=ansible INFO| TASK [common : Load br_netfilter module] ****************************************************************************************************************************************************
2025-09-23 13:51:18,369 p=165705 u=you n=ansible INFO| Tuesday 23 September 2025  13:51:18 +0600 (0:00:00.278)       0:01:57.494 ***** 
2025-09-23 13:51:18,594 p=165705 u=you n=ansible INFO| changed: [master2]
2025-09-23 13:51:18,596 p=165705 u=you n=ansible INFO| changed: [worker1]
2025-09-23 13:51:18,597 p=165705 u=you n=ansible INFO| changed: [master1]
2025-09-23 13:51:18,605 p=165705 u=you n=ansible INFO| TASK [common : Configure sysctl for Kubernetes] *********************************************************************************************************************************************
2025-09-23 13:51:18,605 p=165705 u=you n=ansible INFO| Tuesday 23 September 2025  13:51:18 +0600 (0:00:00.235)       0:01:57.730 ***** 
2025-09-23 13:51:18,873 p=165705 u=you n=ansible INFO| changed: [master1] => (item={'name': 'net.bridge.bridge-nf-call-iptables', 'value': '1'})
2025-09-23 13:51:18,874 p=165705 u=you n=ansible INFO| changed: [master2] => (item={'name': 'net.bridge.bridge-nf-call-iptables', 'value': '1'})
2025-09-23 13:51:18,874 p=165705 u=you n=ansible INFO| changed: [worker1] => (item={'name': 'net.bridge.bridge-nf-call-iptables', 'value': '1'})
2025-09-23 13:51:19,041 p=165705 u=you n=ansible INFO| changed: [master1] => (item={'name': 'net.bridge.bridge-nf-call-ip6tables', 'value': '1'})
2025-09-23 13:51:19,042 p=165705 u=you n=ansible INFO| changed: [master2] => (item={'name': 'net.bridge.bridge-nf-call-ip6tables', 'value': '1'})
2025-09-23 13:51:19,044 p=165705 u=you n=ansible INFO| changed: [worker1] => (item={'name': 'net.bridge.bridge-nf-call-ip6tables', 'value': '1'})
2025-09-23 13:51:19,213 p=165705 u=you n=ansible INFO| changed: [worker1] => (item={'name': 'net.ipv4.ip_forward', 'value': '1'})
2025-09-23 13:51:19,216 p=165705 u=you n=ansible INFO| changed: [master1] => (item={'name': 'net.ipv4.ip_forward', 'value': '1'})
2025-09-23 13:51:19,219 p=165705 u=you n=ansible INFO| changed: [master2] => (item={'name': 'net.ipv4.ip_forward', 'value': '1'})
2025-09-23 13:51:19,398 p=165705 u=you n=ansible INFO| changed: [worker1] => (item={'name': 'net.ipv4.conf.all.rp_filter', 'value': '1'})
2025-09-23 13:51:19,399 p=165705 u=you n=ansible INFO| changed: [master2] => (item={'name': 'net.ipv4.conf.all.rp_filter', 'value': '1'})
2025-09-23 13:51:19,401 p=165705 u=you n=ansible INFO| changed: [master1] => (item={'name': 'net.ipv4.conf.all.rp_filter', 'value': '1'})
2025-09-23 13:51:19,572 p=165705 u=you n=ansible INFO| changed: [master2] => (item={'name': 'net.ipv4.conf.default.rp_filter', 'value': '1'})
2025-09-23 13:51:19,573 p=165705 u=you n=ansible INFO| changed: [master1] => (item={'name': 'net.ipv4.conf.default.rp_filter', 'value': '1'})
2025-09-23 13:51:19,575 p=165705 u=you n=ansible INFO| changed: [worker1] => (item={'name': 'net.ipv4.conf.default.rp_filter', 'value': '1'})
2025-09-23 13:51:19,605 p=165705 u=you n=ansible INFO| TASK [common : Create Kubernetes directories] ***********************************************************************************************************************************************
2025-09-23 13:51:19,605 p=165705 u=you n=ansible INFO| Tuesday 23 September 2025  13:51:19 +0600 (0:00:01.000)       0:01:58.731 ***** 
2025-09-23 13:51:19,829 p=165705 u=you n=ansible INFO| changed: [master2] => (item=/etc/kubernetes)
2025-09-23 13:51:19,830 p=165705 u=you n=ansible INFO| changed: [master1] => (item=/etc/kubernetes)
2025-09-23 13:51:19,830 p=165705 u=you n=ansible INFO| changed: [worker1] => (item=/etc/kubernetes)
2025-09-23 13:51:19,983 p=165705 u=you n=ansible INFO| changed: [master2] => (item=/etc/kubernetes/manifests)
2025-09-23 13:51:19,985 p=165705 u=you n=ansible INFO| changed: [master1] => (item=/etc/kubernetes/manifests)
2025-09-23 13:51:19,988 p=165705 u=you n=ansible INFO| changed: [worker1] => (item=/etc/kubernetes/manifests)
2025-09-23 13:51:20,154 p=165705 u=you n=ansible INFO| changed: [master2] => (item=/etc/kubernetes/pki)
2025-09-23 13:51:20,156 p=165705 u=you n=ansible INFO| changed: [master1] => (item=/etc/kubernetes/pki)
2025-09-23 13:51:20,157 p=165705 u=you n=ansible INFO| changed: [worker1] => (item=/etc/kubernetes/pki)
2025-09-23 13:51:20,322 p=165705 u=you n=ansible INFO| changed: [master1] => (item=/var/lib/kubelet)
2025-09-23 13:51:20,323 p=165705 u=you n=ansible INFO| changed: [master2] => (item=/var/lib/kubelet)
2025-09-23 13:51:20,324 p=165705 u=you n=ansible INFO| changed: [worker1] => (item=/var/lib/kubelet)
2025-09-23 13:51:20,479 p=165705 u=you n=ansible INFO| changed: [master1] => (item=/var/lib/kubernetes)
2025-09-23 13:51:20,479 p=165705 u=you n=ansible INFO| changed: [master2] => (item=/var/lib/kubernetes)
2025-09-23 13:51:20,483 p=165705 u=you n=ansible INFO| changed: [worker1] => (item=/var/lib/kubernetes)
2025-09-23 13:51:20,643 p=165705 u=you n=ansible INFO| changed: [master2] => (item=/opt/cni/bin)
2025-09-23 13:51:20,645 p=165705 u=you n=ansible INFO| changed: [master1] => (item=/opt/cni/bin)
2025-09-23 13:51:20,656 p=165705 u=you n=ansible INFO| changed: [worker1] => (item=/opt/cni/bin)
2025-09-23 13:51:20,825 p=165705 u=you n=ansible INFO| changed: [master1] => (item=/etc/cni/net.d)
2025-09-23 13:51:20,826 p=165705 u=you n=ansible INFO| changed: [master2] => (item=/etc/cni/net.d)
2025-09-23 13:51:20,838 p=165705 u=you n=ansible INFO| changed: [worker1] => (item=/etc/cni/net.d)
2025-09-23 13:51:20,849 p=165705 u=you n=ansible INFO| TASK [common : Install containerd] **********************************************************************************************************************************************************
2025-09-23 13:51:20,850 p=165705 u=you n=ansible INFO| Tuesday 23 September 2025  13:51:20 +0600 (0:00:01.244)       0:01:59.975 ***** 
2025-09-23 13:51:30,634 p=165705 u=you n=ansible INFO| changed: [worker1]
2025-09-23 13:51:30,686 p=165705 u=you n=ansible INFO| changed: [master1]
2025-09-23 13:51:31,561 p=165705 u=you n=ansible INFO| changed: [master2]
2025-09-23 13:51:31,571 p=165705 u=you n=ansible INFO| TASK [common : Create containerd config directory] ******************************************************************************************************************************************
2025-09-23 13:51:31,571 p=165705 u=you n=ansible INFO| Tuesday 23 September 2025  13:51:31 +0600 (0:00:10.721)       0:02:10.697 ***** 
2025-09-23 13:51:31,767 p=165705 u=you n=ansible INFO| changed: [master1]
2025-09-23 13:51:31,769 p=165705 u=you n=ansible INFO| changed: [master2]
2025-09-23 13:51:31,785 p=165705 u=you n=ansible INFO| changed: [worker1]
2025-09-23 13:51:31,795 p=165705 u=you n=ansible INFO| TASK [common : Generate containerd config] **************************************************************************************************************************************************
2025-09-23 13:51:31,796 p=165705 u=you n=ansible INFO| Tuesday 23 September 2025  13:51:31 +0600 (0:00:00.224)       0:02:10.921 ***** 
2025-09-23 13:51:32,010 p=165705 u=you n=ansible INFO| changed: [master1]
2025-09-23 13:51:32,012 p=165705 u=you n=ansible INFO| changed: [master2]
2025-09-23 13:51:32,018 p=165705 u=you n=ansible INFO| changed: [worker1]
2025-09-23 13:51:32,024 p=165705 u=you n=ansible INFO| TASK [common : Write containerd config] *****************************************************************************************************************************************************
2025-09-23 13:51:32,024 p=165705 u=you n=ansible INFO| Tuesday 23 September 2025  13:51:32 +0600 (0:00:00.228)       0:02:11.150 ***** 
2025-09-23 13:51:32,558 p=165705 u=you n=ansible INFO| changed: [master1]
2025-09-23 13:51:32,560 p=165705 u=you n=ansible INFO| changed: [worker1]
2025-09-23 13:51:32,561 p=165705 u=you n=ansible INFO| changed: [master2]
2025-09-23 13:51:32,566 p=165705 u=you n=ansible INFO| TASK [common : Configure containerd systemd cgroup driver] **********************************************************************************************************************************
2025-09-23 13:51:32,566 p=165705 u=you n=ansible INFO| Tuesday 23 September 2025  13:51:32 +0600 (0:00:00.542)       0:02:11.692 ***** 
2025-09-23 13:51:32,741 p=165705 u=you n=ansible WARNING| [WARNING]: Module remote_tmp /root/.ansible/tmp did not exist and was created with a mode of 0700, this may cause issues when running as another user. To avoid this, create the remote_tmp
dir with the correct permissions manually

2025-09-23 13:51:32,741 p=165705 u=you n=ansible INFO| changed: [master1]
2025-09-23 13:51:32,745 p=165705 u=you n=ansible INFO| changed: [master2]
2025-09-23 13:51:32,762 p=165705 u=you n=ansible INFO| changed: [worker1]
2025-09-23 13:51:32,772 p=165705 u=you n=ansible INFO| TASK [common : Enable and restart containerd] ***********************************************************************************************************************************************
2025-09-23 13:51:32,772 p=165705 u=you n=ansible INFO| Tuesday 23 September 2025  13:51:32 +0600 (0:00:00.206)       0:02:11.898 ***** 
2025-09-23 13:51:33,254 p=165705 u=you n=ansible INFO| changed: [master2]
2025-09-23 13:51:33,260 p=165705 u=you n=ansible INFO| changed: [worker1]
2025-09-23 13:51:33,262 p=165705 u=you n=ansible INFO| changed: [master1]
2025-09-23 13:51:33,266 p=165705 u=you n=ansible INFO| TASK [common : Create directory for apt keyring] ********************************************************************************************************************************************
2025-09-23 13:51:33,267 p=165705 u=you n=ansible INFO| Tuesday 23 September 2025  13:51:33 +0600 (0:00:00.494)       0:02:12.392 ***** 
2025-09-23 13:51:33,441 p=165705 u=you n=ansible INFO| ok: [master1]
2025-09-23 13:51:33,447 p=165705 u=you n=ansible INFO| ok: [master2]
2025-09-23 13:51:33,451 p=165705 u=you n=ansible INFO| ok: [worker1]
2025-09-23 13:51:33,461 p=165705 u=you n=ansible INFO| TASK [common : Download Kubernetes apt repository key] **************************************************************************************************************************************
2025-09-23 13:51:33,461 p=165705 u=you n=ansible INFO| Tuesday 23 September 2025  13:51:33 +0600 (0:00:00.194)       0:02:12.587 ***** 
2025-09-23 13:51:34,273 p=165705 u=you n=ansible INFO| changed: [master1]
2025-09-23 13:51:34,277 p=165705 u=you n=ansible INFO| changed: [worker1]
2025-09-23 13:51:34,495 p=165705 u=you n=ansible INFO| changed: [master2]
2025-09-23 13:51:34,504 p=165705 u=you n=ansible INFO| TASK [common : Convert Kubernetes apt key to gpg format] ************************************************************************************************************************************
2025-09-23 13:51:34,504 p=165705 u=you n=ansible INFO| Tuesday 23 September 2025  13:51:34 +0600 (0:00:01.043)       0:02:13.630 ***** 
2025-09-23 13:51:34,678 p=165705 u=you n=ansible INFO| changed: [master1]
2025-09-23 13:51:34,686 p=165705 u=you n=ansible INFO| changed: [master2]
2025-09-23 13:51:34,691 p=165705 u=you n=ansible INFO| changed: [worker1]
2025-09-23 13:51:34,701 p=165705 u=you n=ansible INFO| TASK [common : Add Kubernetes apt repository] ***********************************************************************************************************************************************
2025-09-23 13:51:34,702 p=165705 u=you n=ansible INFO| Tuesday 23 September 2025  13:51:34 +0600 (0:00:00.197)       0:02:13.827 ***** 
2025-09-23 13:51:40,990 p=165705 u=you n=ansible INFO| changed: [master2]
2025-09-23 13:51:41,088 p=165705 u=you n=ansible INFO| changed: [master1]
2025-09-23 13:51:41,195 p=165705 u=you n=ansible INFO| changed: [worker1]
2025-09-23 13:51:41,205 p=165705 u=you n=ansible INFO| TASK [common : Update apt cache] ************************************************************************************************************************************************************
2025-09-23 13:51:41,205 p=165705 u=you n=ansible INFO| Tuesday 23 September 2025  13:51:41 +0600 (0:00:06.503)       0:02:20.331 ***** 
2025-09-23 13:51:43,616 p=165705 u=you n=ansible INFO| ok: [master2]
2025-09-23 13:51:43,798 p=165705 u=you n=ansible INFO| ok: [worker1]
2025-09-23 13:51:48,342 p=165705 u=you n=ansible INFO| ok: [master1]
2025-09-23 13:51:48,350 p=165705 u=you n=ansible INFO| TASK [common : Install Kubernetes packages] *************************************************************************************************************************************************
2025-09-23 13:51:48,351 p=165705 u=you n=ansible INFO| Tuesday 23 September 2025  13:51:48 +0600 (0:00:07.145)       0:02:27.476 ***** 
2025-09-23 13:51:48,616 p=165705 u=you n=ansible INFO| fatal: [master1]: FAILED! => changed=false 
  msg: 'Unsupported parameters for (apt) module: hold. Supported parameters include: allow_change_held_packages, allow_downgrade, allow_unauthenticated, autoclean, autoremove, cache_valid_time, clean, deb, default_release, dpkg_options, fail_on_autoremove, force, force_apt_get, install_recommends, lock_timeout, only_upgrade, package, policy_rc_d, purge, state, update_cache, update_cache_retries, update_cache_retry_max_delay, upgrade (allow-downgrade, allow-downgrades, allow-unauthenticated, allow_downgrades, default-release, install-recommends, name, pkg, update-cache).'
2025-09-23 13:51:48,633 p=165705 u=you n=ansible INFO| fatal: [master2]: FAILED! => changed=false 
  msg: 'Unsupported parameters for (apt) module: hold. Supported parameters include: allow_change_held_packages, allow_downgrade, allow_unauthenticated, autoclean, autoremove, cache_valid_time, clean, deb, default_release, dpkg_options, fail_on_autoremove, force, force_apt_get, install_recommends, lock_timeout, only_upgrade, package, policy_rc_d, purge, state, update_cache, update_cache_retries, update_cache_retry_max_delay, upgrade (allow-downgrade, allow-downgrades, allow-unauthenticated, allow_downgrades, default-release, install-recommends, name, pkg, update-cache).'
2025-09-23 13:51:48,646 p=165705 u=you n=ansible INFO| fatal: [worker1]: FAILED! => changed=false 
  msg: 'Unsupported parameters for (apt) module: hold. Supported parameters include: allow_change_held_packages, allow_downgrade, allow_unauthenticated, autoclean, autoremove, cache_valid_time, clean, deb, default_release, dpkg_options, fail_on_autoremove, force, force_apt_get, install_recommends, lock_timeout, only_upgrade, package, policy_rc_d, purge, state, update_cache, update_cache_retries, update_cache_retry_max_delay, upgrade (allow-downgrade, allow-downgrades, allow-unauthenticated, allow_downgrades, default-release, install-recommends, name, pkg, update-cache).'
2025-09-23 13:51:48,648 p=165705 u=you n=ansible INFO| PLAY RECAP **********************************************************************************************************************************************************************************
2025-09-23 13:51:48,648 p=165705 u=you n=ansible INFO| master1                    : ok=19   changed=16   unreachable=0    failed=1    skipped=0    rescued=0    ignored=0   
2025-09-23 13:51:48,648 p=165705 u=you n=ansible INFO| master2                    : ok=19   changed=16   unreachable=0    failed=1    skipped=0    rescued=0    ignored=0   
2025-09-23 13:51:48,648 p=165705 u=you n=ansible INFO| worker1                    : ok=19   changed=16   unreachable=0    failed=1    skipped=0    rescued=0    ignored=0   
2025-09-23 13:51:48,649 p=165705 u=you n=ansible INFO| Tuesday 23 September 2025  13:51:48 +0600 (0:00:00.297)       0:02:27.774 ***** 
2025-09-23 13:51:48,649 p=165705 u=you n=ansible INFO| =============================================================================== 
2025-09-23 13:51:48,649 p=165705 u=you n=ansible INFO| common : Install required packages ------------------------------------------------------------------------------------------------------------------------------------------------- 109.64s
2025-09-23 13:51:48,649 p=165705 u=you n=ansible INFO| common : Install containerd --------------------------------------------------------------------------------------------------------------------------------------------------------- 10.72s
2025-09-23 13:51:48,649 p=165705 u=you n=ansible INFO| common : Update apt cache ------------------------------------------------------------------------------------------------------------------------------------------------------------ 7.15s
2025-09-23 13:51:48,649 p=165705 u=you n=ansible INFO| common : Update apt cache ------------------------------------------------------------------------------------------------------------------------------------------------------------ 6.84s
2025-09-23 13:51:48,649 p=165705 u=you n=ansible INFO| common : Add Kubernetes apt repository ----------------------------------------------------------------------------------------------------------------------------------------------- 6.50s
2025-09-23 13:51:48,649 p=165705 u=you n=ansible INFO| common : Create Kubernetes directories ----------------------------------------------------------------------------------------------------------------------------------------------- 1.24s
2025-09-23 13:51:48,649 p=165705 u=you n=ansible INFO| common : Download Kubernetes apt repository key -------------------------------------------------------------------------------------------------------------------------------------- 1.04s
2025-09-23 13:51:48,649 p=165705 u=you n=ansible INFO| common : Configure sysctl for Kubernetes --------------------------------------------------------------------------------------------------------------------------------------------- 1.00s
2025-09-23 13:51:48,649 p=165705 u=you n=ansible INFO| common : Write containerd config ----------------------------------------------------------------------------------------------------------------------------------------------------- 0.54s
2025-09-23 13:51:48,649 p=165705 u=you n=ansible INFO| common : Disable swap ---------------------------------------------------------------------------------------------------------------------------------------------------------------- 0.50s
2025-09-23 13:51:48,649 p=165705 u=you n=ansible INFO| common : Enable and restart containerd ----------------------------------------------------------------------------------------------------------------------------------------------- 0.49s
2025-09-23 13:51:48,650 p=165705 u=you n=ansible INFO| common : Install Kubernetes packages ------------------------------------------------------------------------------------------------------------------------------------------------- 0.30s
2025-09-23 13:51:48,650 p=165705 u=you n=ansible INFO| common : Set timezone ---------------------------------------------------------------------------------------------------------------------------------------------------------------- 0.28s
2025-09-23 13:51:48,650 p=165705 u=you n=ansible INFO| common : Load br_netfilter module ---------------------------------------------------------------------------------------------------------------------------------------------------- 0.24s
2025-09-23 13:51:48,650 p=165705 u=you n=ansible INFO| common : Generate containerd config -------------------------------------------------------------------------------------------------------------------------------------------------- 0.23s
2025-09-23 13:51:48,650 p=165705 u=you n=ansible INFO| common : Create containerd config directory ------------------------------------------------------------------------------------------------------------------------------------------ 0.22s
2025-09-23 13:51:48,650 p=165705 u=you n=ansible INFO| common : Remove swap from fstab ------------------------------------------------------------------------------------------------------------------------------------------------------ 0.22s
2025-09-23 13:51:48,650 p=165705 u=you n=ansible INFO| common : Configure containerd systemd cgroup driver ---------------------------------------------------------------------------------------------------------------------------------- 0.21s
2025-09-23 13:51:48,650 p=165705 u=you n=ansible INFO| common : Convert Kubernetes apt key to gpg format ------------------------------------------------------------------------------------------------------------------------------------ 0.20s
2025-09-23 13:51:48,650 p=165705 u=you n=ansible INFO| common : Create directory for apt keyring -------------------------------------------------------------------------------------------------------------------------------------------- 0.19s
2025-09-23 13:52:54,987 p=168695 u=you n=ansible INFO| [DEPRECATION WARNING]: community.general.yaml has been deprecated. The plugin has been superseded by the the option `result_format=yaml` in callback plugin ansible.builtin.default from 
ansible-core 2.13 onwards. This feature will be removed from community.general in version 13.0.0. Deprecation warnings can be disabled by setting deprecation_warnings=False in ansible.cfg.
2025-09-23 13:52:54,998 p=168695 u=you n=ansible INFO| PLAY [Setup Kubernetes Cluster] *************************************************************************************************************************************************************
2025-09-23 13:52:55,007 p=168695 u=you n=ansible INFO| TASK [common : Update apt cache] ************************************************************************************************************************************************************
2025-09-23 13:52:55,007 p=168695 u=you n=ansible INFO| Tuesday 23 September 2025  13:52:55 +0600 (0:00:00.012)       0:00:00.012 ***** 
2025-09-23 13:52:55,776 p=168695 u=you n=ansible INFO| ok: [master1]
2025-09-23 13:52:55,779 p=168695 u=you n=ansible INFO| ok: [worker1]
2025-09-23 13:52:55,785 p=168695 u=you n=ansible INFO| ok: [master2]
2025-09-23 13:52:55,796 p=168695 u=you n=ansible INFO| TASK [common : Install required packages] ***************************************************************************************************************************************************
2025-09-23 13:52:55,796 p=168695 u=you n=ansible INFO| Tuesday 23 September 2025  13:52:55 +0600 (0:00:00.789)       0:00:00.801 ***** 
2025-09-23 13:52:56,542 p=168695 u=you n=ansible INFO| ok: [master2]
2025-09-23 13:52:56,544 p=168695 u=you n=ansible INFO| ok: [master1]
2025-09-23 13:52:56,552 p=168695 u=you n=ansible INFO| ok: [worker1]
2025-09-23 13:52:56,559 p=168695 u=you n=ansible INFO| TASK [common : Disable swap] ****************************************************************************************************************************************************************
2025-09-23 13:52:56,560 p=168695 u=you n=ansible INFO| Tuesday 23 September 2025  13:52:56 +0600 (0:00:00.763)       0:00:01.564 ***** 
2025-09-23 13:52:56,773 p=168695 u=you n=ansible INFO| changed: [master2]
2025-09-23 13:52:56,773 p=168695 u=you n=ansible INFO| changed: [master1]
2025-09-23 13:52:56,773 p=168695 u=you n=ansible INFO| changed: [worker1]
2025-09-23 13:52:56,781 p=168695 u=you n=ansible INFO| TASK [common : Remove swap from fstab] ******************************************************************************************************************************************************
2025-09-23 13:52:56,781 p=168695 u=you n=ansible INFO| Tuesday 23 September 2025  13:52:56 +0600 (0:00:00.221)       0:00:01.786 ***** 
2025-09-23 13:52:56,988 p=168695 u=you n=ansible INFO| ok: [worker1]
2025-09-23 13:52:56,989 p=168695 u=you n=ansible INFO| ok: [master2]
2025-09-23 13:52:56,990 p=168695 u=you n=ansible INFO| ok: [master1]
2025-09-23 13:52:56,998 p=168695 u=you n=ansible INFO| TASK [common : Set timezone] ****************************************************************************************************************************************************************
2025-09-23 13:52:56,998 p=168695 u=you n=ansible INFO| Tuesday 23 September 2025  13:52:56 +0600 (0:00:00.216)       0:00:02.003 ***** 
2025-09-23 13:52:57,278 p=168695 u=you n=ansible INFO| ok: [master1]
2025-09-23 13:52:57,279 p=168695 u=you n=ansible INFO| ok: [master2]
2025-09-23 13:52:57,281 p=168695 u=you n=ansible INFO| ok: [worker1]
2025-09-23 13:52:57,291 p=168695 u=you n=ansible INFO| TASK [common : Load br_netfilter module] ****************************************************************************************************************************************************
2025-09-23 13:52:57,291 p=168695 u=you n=ansible INFO| Tuesday 23 September 2025  13:52:57 +0600 (0:00:00.293)       0:00:02.296 ***** 
2025-09-23 13:52:57,494 p=168695 u=you n=ansible INFO| ok: [master2]
2025-09-23 13:52:57,495 p=168695 u=you n=ansible INFO| ok: [master1]
2025-09-23 13:52:57,495 p=168695 u=you n=ansible INFO| ok: [worker1]
2025-09-23 13:52:57,503 p=168695 u=you n=ansible INFO| TASK [common : Configure sysctl for Kubernetes] *********************************************************************************************************************************************
2025-09-23 13:52:57,503 p=168695 u=you n=ansible INFO| Tuesday 23 September 2025  13:52:57 +0600 (0:00:00.211)       0:00:02.508 ***** 
2025-09-23 13:52:57,723 p=168695 u=you n=ansible INFO| ok: [worker1] => (item={'name': 'net.bridge.bridge-nf-call-iptables', 'value': '1'})
2025-09-23 13:52:57,724 p=168695 u=you n=ansible INFO| ok: [master1] => (item={'name': 'net.bridge.bridge-nf-call-iptables', 'value': '1'})
2025-09-23 13:52:57,724 p=168695 u=you n=ansible INFO| ok: [master2] => (item={'name': 'net.bridge.bridge-nf-call-iptables', 'value': '1'})
2025-09-23 13:52:57,889 p=168695 u=you n=ansible INFO| ok: [master1] => (item={'name': 'net.bridge.bridge-nf-call-ip6tables', 'value': '1'})
2025-09-23 13:52:57,890 p=168695 u=you n=ansible INFO| ok: [worker1] => (item={'name': 'net.bridge.bridge-nf-call-ip6tables', 'value': '1'})
2025-09-23 13:52:57,891 p=168695 u=you n=ansible INFO| ok: [master2] => (item={'name': 'net.bridge.bridge-nf-call-ip6tables', 'value': '1'})
2025-09-23 13:52:58,056 p=168695 u=you n=ansible INFO| ok: [worker1] => (item={'name': 'net.ipv4.ip_forward', 'value': '1'})
2025-09-23 13:52:58,058 p=168695 u=you n=ansible INFO| ok: [master1] => (item={'name': 'net.ipv4.ip_forward', 'value': '1'})
2025-09-23 13:52:58,059 p=168695 u=you n=ansible INFO| ok: [master2] => (item={'name': 'net.ipv4.ip_forward', 'value': '1'})
2025-09-23 13:52:58,224 p=168695 u=you n=ansible INFO| ok: [master2] => (item={'name': 'net.ipv4.conf.all.rp_filter', 'value': '1'})
2025-09-23 13:52:58,224 p=168695 u=you n=ansible INFO| ok: [master1] => (item={'name': 'net.ipv4.conf.all.rp_filter', 'value': '1'})
2025-09-23 13:52:58,225 p=168695 u=you n=ansible INFO| ok: [worker1] => (item={'name': 'net.ipv4.conf.all.rp_filter', 'value': '1'})
2025-09-23 13:52:58,377 p=168695 u=you n=ansible INFO| ok: [master2] => (item={'name': 'net.ipv4.conf.default.rp_filter', 'value': '1'})
2025-09-23 13:52:58,380 p=168695 u=you n=ansible INFO| ok: [master1] => (item={'name': 'net.ipv4.conf.default.rp_filter', 'value': '1'})
2025-09-23 13:52:58,382 p=168695 u=you n=ansible INFO| ok: [worker1] => (item={'name': 'net.ipv4.conf.default.rp_filter', 'value': '1'})
2025-09-23 13:52:58,390 p=168695 u=you n=ansible INFO| TASK [common : Create Kubernetes directories] ***********************************************************************************************************************************************
2025-09-23 13:52:58,390 p=168695 u=you n=ansible INFO| Tuesday 23 September 2025  13:52:58 +0600 (0:00:00.887)       0:00:03.395 ***** 
2025-09-23 13:52:58,629 p=168695 u=you n=ansible INFO| ok: [master2] => (item=/etc/kubernetes)
2025-09-23 13:52:58,630 p=168695 u=you n=ansible INFO| ok: [master1] => (item=/etc/kubernetes)
2025-09-23 13:52:58,631 p=168695 u=you n=ansible INFO| ok: [worker1] => (item=/etc/kubernetes)
2025-09-23 13:52:58,798 p=168695 u=you n=ansible INFO| ok: [master2] => (item=/etc/kubernetes/manifests)
2025-09-23 13:52:58,801 p=168695 u=you n=ansible INFO| ok: [master1] => (item=/etc/kubernetes/manifests)
2025-09-23 13:52:58,802 p=168695 u=you n=ansible INFO| ok: [worker1] => (item=/etc/kubernetes/manifests)
2025-09-23 13:52:58,972 p=168695 u=you n=ansible INFO| ok: [master2] => (item=/etc/kubernetes/pki)
2025-09-23 13:52:58,974 p=168695 u=you n=ansible INFO| ok: [master1] => (item=/etc/kubernetes/pki)
2025-09-23 13:52:58,998 p=168695 u=you n=ansible INFO| ok: [worker1] => (item=/etc/kubernetes/pki)
2025-09-23 13:52:59,149 p=168695 u=you n=ansible INFO| ok: [master1] => (item=/var/lib/kubelet)
2025-09-23 13:52:59,150 p=168695 u=you n=ansible INFO| ok: [master2] => (item=/var/lib/kubelet)
2025-09-23 13:52:59,171 p=168695 u=you n=ansible INFO| ok: [worker1] => (item=/var/lib/kubelet)
2025-09-23 13:52:59,319 p=168695 u=you n=ansible INFO| ok: [master2] => (item=/var/lib/kubernetes)
2025-09-23 13:52:59,320 p=168695 u=you n=ansible INFO| ok: [master1] => (item=/var/lib/kubernetes)
2025-09-23 13:52:59,329 p=168695 u=you n=ansible INFO| ok: [worker1] => (item=/var/lib/kubernetes)
2025-09-23 13:52:59,497 p=168695 u=you n=ansible INFO| ok: [master2] => (item=/opt/cni/bin)
2025-09-23 13:52:59,497 p=168695 u=you n=ansible INFO| ok: [master1] => (item=/opt/cni/bin)
2025-09-23 13:52:59,498 p=168695 u=you n=ansible INFO| ok: [worker1] => (item=/opt/cni/bin)
2025-09-23 13:52:59,671 p=168695 u=you n=ansible INFO| ok: [master2] => (item=/etc/cni/net.d)
2025-09-23 13:52:59,693 p=168695 u=you n=ansible INFO| ok: [master1] => (item=/etc/cni/net.d)
2025-09-23 13:52:59,694 p=168695 u=you n=ansible INFO| ok: [worker1] => (item=/etc/cni/net.d)
2025-09-23 13:52:59,699 p=168695 u=you n=ansible INFO| TASK [common : Install containerd] **********************************************************************************************************************************************************
2025-09-23 13:52:59,699 p=168695 u=you n=ansible INFO| Tuesday 23 September 2025  13:52:59 +0600 (0:00:01.308)       0:00:04.704 ***** 
2025-09-23 13:53:00,427 p=168695 u=you n=ansible INFO| ok: [master1]
2025-09-23 13:53:00,428 p=168695 u=you n=ansible INFO| ok: [master2]
2025-09-23 13:53:00,436 p=168695 u=you n=ansible INFO| ok: [worker1]
2025-09-23 13:53:00,443 p=168695 u=you n=ansible INFO| TASK [common : Create containerd config directory] ******************************************************************************************************************************************
2025-09-23 13:53:00,443 p=168695 u=you n=ansible INFO| Tuesday 23 September 2025  13:53:00 +0600 (0:00:00.744)       0:00:05.448 ***** 
2025-09-23 13:53:00,615 p=168695 u=you n=ansible INFO| ok: [master1]
2025-09-23 13:53:00,617 p=168695 u=you n=ansible INFO| ok: [master2]
2025-09-23 13:53:00,626 p=168695 u=you n=ansible INFO| ok: [worker1]
2025-09-23 13:53:00,635 p=168695 u=you n=ansible INFO| TASK [common : Generate containerd config] **************************************************************************************************************************************************
2025-09-23 13:53:00,635 p=168695 u=you n=ansible INFO| Tuesday 23 September 2025  13:53:00 +0600 (0:00:00.191)       0:00:05.640 ***** 
2025-09-23 13:53:00,858 p=168695 u=you n=ansible INFO| changed: [master1]
2025-09-23 13:53:00,872 p=168695 u=you n=ansible INFO| changed: [master2]
2025-09-23 13:53:00,874 p=168695 u=you n=ansible INFO| changed: [worker1]
2025-09-23 13:53:00,881 p=168695 u=you n=ansible INFO| TASK [common : Write containerd config] *****************************************************************************************************************************************************
2025-09-23 13:53:00,881 p=168695 u=you n=ansible INFO| Tuesday 23 September 2025  13:53:00 +0600 (0:00:00.245)       0:00:05.885 ***** 
2025-09-23 13:53:01,410 p=168695 u=you n=ansible INFO| changed: [master1]
2025-09-23 13:53:01,411 p=168695 u=you n=ansible INFO| changed: [master2]
2025-09-23 13:53:01,414 p=168695 u=you n=ansible INFO| changed: [worker1]
2025-09-23 13:53:01,423 p=168695 u=you n=ansible INFO| TASK [common : Configure containerd systemd cgroup driver] **********************************************************************************************************************************
2025-09-23 13:53:01,423 p=168695 u=you n=ansible INFO| Tuesday 23 September 2025  13:53:01 +0600 (0:00:00.542)       0:00:06.428 ***** 
2025-09-23 13:53:01,622 p=168695 u=you n=ansible INFO| changed: [master1]
2025-09-23 13:53:01,631 p=168695 u=you n=ansible INFO| changed: [worker1]
2025-09-23 13:53:01,632 p=168695 u=you n=ansible INFO| changed: [master2]
2025-09-23 13:53:01,639 p=168695 u=you n=ansible INFO| TASK [common : Enable and restart containerd] ***********************************************************************************************************************************************
2025-09-23 13:53:01,639 p=168695 u=you n=ansible INFO| Tuesday 23 September 2025  13:53:01 +0600 (0:00:00.215)       0:00:06.643 ***** 
2025-09-23 13:53:02,167 p=168695 u=you n=ansible INFO| changed: [master2]
2025-09-23 13:53:02,168 p=168695 u=you n=ansible INFO| changed: [master1]
2025-09-23 13:53:02,168 p=168695 u=you n=ansible INFO| changed: [worker1]
2025-09-23 13:53:02,174 p=168695 u=you n=ansible INFO| TASK [common : Create directory for apt keyring] ********************************************************************************************************************************************
2025-09-23 13:53:02,174 p=168695 u=you n=ansible INFO| Tuesday 23 September 2025  13:53:02 +0600 (0:00:00.535)       0:00:07.179 ***** 
2025-09-23 13:53:02,341 p=168695 u=you n=ansible INFO| ok: [master1]
2025-09-23 13:53:02,346 p=168695 u=you n=ansible INFO| ok: [master2]
2025-09-23 13:53:02,352 p=168695 u=you n=ansible INFO| ok: [worker1]
2025-09-23 13:53:02,358 p=168695 u=you n=ansible INFO| TASK [common : Download Kubernetes apt repository key] **************************************************************************************************************************************
2025-09-23 13:53:02,358 p=168695 u=you n=ansible INFO| Tuesday 23 September 2025  13:53:02 +0600 (0:00:00.183)       0:00:07.363 ***** 
2025-09-23 13:53:03,091 p=168695 u=you n=ansible INFO| ok: [master1]
2025-09-23 13:53:03,102 p=168695 u=you n=ansible INFO| ok: [master2]
2025-09-23 13:53:03,115 p=168695 u=you n=ansible INFO| ok: [worker1]
2025-09-23 13:53:03,127 p=168695 u=you n=ansible INFO| TASK [common : Convert Kubernetes apt key to gpg format] ************************************************************************************************************************************
2025-09-23 13:53:03,127 p=168695 u=you n=ansible INFO| Tuesday 23 September 2025  13:53:03 +0600 (0:00:00.768)       0:00:08.132 ***** 
2025-09-23 13:53:03,301 p=168695 u=you n=ansible INFO| ok: [master1]
2025-09-23 13:53:03,307 p=168695 u=you n=ansible INFO| ok: [master2]
2025-09-23 13:53:03,314 p=168695 u=you n=ansible INFO| ok: [worker1]
2025-09-23 13:53:03,323 p=168695 u=you n=ansible INFO| TASK [common : Add Kubernetes apt repository] ***********************************************************************************************************************************************
2025-09-23 13:53:03,323 p=168695 u=you n=ansible INFO| Tuesday 23 September 2025  13:53:03 +0600 (0:00:00.196)       0:00:08.328 ***** 
2025-09-23 13:53:03,659 p=168695 u=you n=ansible INFO| ok: [worker1]
2025-09-23 13:53:03,660 p=168695 u=you n=ansible INFO| ok: [master1]
2025-09-23 13:53:03,663 p=168695 u=you n=ansible INFO| ok: [master2]
2025-09-23 13:53:03,673 p=168695 u=you n=ansible INFO| TASK [common : Update apt cache] ************************************************************************************************************************************************************
2025-09-23 13:53:03,673 p=168695 u=you n=ansible INFO| Tuesday 23 September 2025  13:53:03 +0600 (0:00:00.349)       0:00:08.678 ***** 
2025-09-23 13:53:05,447 p=168695 u=you n=ansible INFO| ok: [master1]
2025-09-23 13:53:05,717 p=168695 u=you n=ansible INFO| ok: [master2]
2025-09-23 13:53:06,032 p=168695 u=you n=ansible INFO| ok: [worker1]
2025-09-23 13:53:06,041 p=168695 u=you n=ansible INFO| TASK [common : Install Kubernetes packages] *************************************************************************************************************************************************
2025-09-23 13:53:06,041 p=168695 u=you n=ansible INFO| Tuesday 23 September 2025  13:53:06 +0600 (0:00:02.368)       0:00:11.046 ***** 
2025-09-23 13:53:06,551 p=168695 u=you n=ansible INFO| fatal: [master1]: FAILED! => changed=false 
  cache_update_time: 1758613899
  cache_updated: false
  msg: no available installation candidate for kubelet=1.33-00
2025-09-23 13:53:06,577 p=168695 u=you n=ansible INFO| fatal: [worker1]: FAILED! => changed=false 
  cache_update_time: 1758613899
  cache_updated: false
  msg: no available installation candidate for kubelet=1.33-00
2025-09-23 13:53:06,578 p=168695 u=you n=ansible INFO| fatal: [master2]: FAILED! => changed=false 
  cache_update_time: 1758613899
  cache_updated: false
  msg: no available installation candidate for kubelet=1.33-00
2025-09-23 13:53:06,579 p=168695 u=you n=ansible INFO| PLAY RECAP **********************************************************************************************************************************************************************************
2025-09-23 13:53:06,579 p=168695 u=you n=ansible INFO| master1                    : ok=19   changed=5    unreachable=0    failed=1    skipped=0    rescued=0    ignored=0   
2025-09-23 13:53:06,579 p=168695 u=you n=ansible INFO| master2                    : ok=19   changed=5    unreachable=0    failed=1    skipped=0    rescued=0    ignored=0   
2025-09-23 13:53:06,579 p=168695 u=you n=ansible INFO| worker1                    : ok=19   changed=5    unreachable=0    failed=1    skipped=0    rescued=0    ignored=0   
2025-09-23 13:53:06,579 p=168695 u=you n=ansible INFO| Tuesday 23 September 2025  13:53:06 +0600 (0:00:00.537)       0:00:11.584 ***** 
2025-09-23 13:53:06,579 p=168695 u=you n=ansible INFO| =============================================================================== 
2025-09-23 13:53:06,579 p=168695 u=you n=ansible INFO| common : Update apt cache ------------------------------------------------------------------------------------------------------------------------------------------------------------ 2.37s
2025-09-23 13:53:06,579 p=168695 u=you n=ansible INFO| common : Create Kubernetes directories ----------------------------------------------------------------------------------------------------------------------------------------------- 1.31s
2025-09-23 13:53:06,579 p=168695 u=you n=ansible INFO| common : Configure sysctl for Kubernetes --------------------------------------------------------------------------------------------------------------------------------------------- 0.89s
2025-09-23 13:53:06,579 p=168695 u=you n=ansible INFO| common : Update apt cache ------------------------------------------------------------------------------------------------------------------------------------------------------------ 0.79s
2025-09-23 13:53:06,579 p=168695 u=you n=ansible INFO| common : Download Kubernetes apt repository key -------------------------------------------------------------------------------------------------------------------------------------- 0.77s
2025-09-23 13:53:06,579 p=168695 u=you n=ansible INFO| common : Install required packages --------------------------------------------------------------------------------------------------------------------------------------------------- 0.76s
2025-09-23 13:53:06,579 p=168695 u=you n=ansible INFO| common : Install containerd ---------------------------------------------------------------------------------------------------------------------------------------------------------- 0.74s
2025-09-23 13:53:06,579 p=168695 u=you n=ansible INFO| common : Write containerd config ----------------------------------------------------------------------------------------------------------------------------------------------------- 0.54s
2025-09-23 13:53:06,579 p=168695 u=you n=ansible INFO| common : Install Kubernetes packages ------------------------------------------------------------------------------------------------------------------------------------------------- 0.54s
2025-09-23 13:53:06,579 p=168695 u=you n=ansible INFO| common : Enable and restart containerd ----------------------------------------------------------------------------------------------------------------------------------------------- 0.54s
2025-09-23 13:53:06,579 p=168695 u=you n=ansible INFO| common : Add Kubernetes apt repository ----------------------------------------------------------------------------------------------------------------------------------------------- 0.35s
2025-09-23 13:53:06,579 p=168695 u=you n=ansible INFO| common : Set timezone ---------------------------------------------------------------------------------------------------------------------------------------------------------------- 0.29s
2025-09-23 13:53:06,579 p=168695 u=you n=ansible INFO| common : Generate containerd config -------------------------------------------------------------------------------------------------------------------------------------------------- 0.25s
2025-09-23 13:53:06,579 p=168695 u=you n=ansible INFO| common : Disable swap ---------------------------------------------------------------------------------------------------------------------------------------------------------------- 0.22s
2025-09-23 13:53:06,579 p=168695 u=you n=ansible INFO| common : Remove swap from fstab ------------------------------------------------------------------------------------------------------------------------------------------------------ 0.22s
2025-09-23 13:53:06,580 p=168695 u=you n=ansible INFO| common : Configure containerd systemd cgroup driver ---------------------------------------------------------------------------------------------------------------------------------- 0.22s
2025-09-23 13:53:06,580 p=168695 u=you n=ansible INFO| common : Load br_netfilter module ---------------------------------------------------------------------------------------------------------------------------------------------------- 0.21s
2025-09-23 13:53:06,580 p=168695 u=you n=ansible INFO| common : Convert Kubernetes apt key to gpg format ------------------------------------------------------------------------------------------------------------------------------------ 0.20s
2025-09-23 13:53:06,580 p=168695 u=you n=ansible INFO| common : Create containerd config directory ------------------------------------------------------------------------------------------------------------------------------------------ 0.19s
2025-09-23 13:53:06,580 p=168695 u=you n=ansible INFO| common : Create directory for apt keyring -------------------------------------------------------------------------------------------------------------------------------------------- 0.18s
2025-09-23 13:54:59,222 p=169837 u=you n=ansible INFO| [DEPRECATION WARNING]: community.general.yaml has been deprecated. The plugin has been superseded by the the option `result_format=yaml` in callback plugin ansible.builtin.default from 
ansible-core 2.13 onwards. This feature will be removed from community.general in version 13.0.0. Deprecation warnings can be disabled by setting deprecation_warnings=False in ansible.cfg.
2025-09-23 13:54:59,233 p=169837 u=you n=ansible INFO| PLAY [Setup Kubernetes Cluster] *************************************************************************************************************************************************************
2025-09-23 13:54:59,243 p=169837 u=you n=ansible INFO| TASK [common : Update apt cache] ************************************************************************************************************************************************************
2025-09-23 13:54:59,243 p=169837 u=you n=ansible INFO| Tuesday 23 September 2025  13:54:59 +0600 (0:00:00.013)       0:00:00.013 ***** 
2025-09-23 13:55:00,141 p=169837 u=you n=ansible INFO| ok: [worker1]
2025-09-23 13:55:00,155 p=169837 u=you n=ansible INFO| ok: [master1]
2025-09-23 13:55:00,190 p=169837 u=you n=ansible INFO| ok: [master2]
2025-09-23 13:55:00,197 p=169837 u=you n=ansible INFO| TASK [common : Install required packages] ***************************************************************************************************************************************************
2025-09-23 13:55:00,197 p=169837 u=you n=ansible INFO| Tuesday 23 September 2025  13:55:00 +0600 (0:00:00.954)       0:00:00.967 ***** 
2025-09-23 13:55:00,934 p=169837 u=you n=ansible INFO| ok: [master1]
2025-09-23 13:55:00,941 p=169837 u=you n=ansible INFO| ok: [worker1]
2025-09-23 13:55:00,944 p=169837 u=you n=ansible INFO| ok: [master2]
2025-09-23 13:55:00,951 p=169837 u=you n=ansible INFO| TASK [common : Disable swap] ****************************************************************************************************************************************************************
2025-09-23 13:55:00,951 p=169837 u=you n=ansible INFO| Tuesday 23 September 2025  13:55:00 +0600 (0:00:00.753)       0:00:01.721 ***** 
2025-09-23 13:55:01,167 p=169837 u=you n=ansible INFO| changed: [master2]
2025-09-23 13:55:01,167 p=169837 u=you n=ansible INFO| changed: [master1]
2025-09-23 13:55:01,167 p=169837 u=you n=ansible INFO| changed: [worker1]
2025-09-23 13:55:01,175 p=169837 u=you n=ansible INFO| TASK [common : Remove swap from fstab] ******************************************************************************************************************************************************
2025-09-23 13:55:01,175 p=169837 u=you n=ansible INFO| Tuesday 23 September 2025  13:55:01 +0600 (0:00:00.224)       0:00:01.945 ***** 
2025-09-23 13:55:01,384 p=169837 u=you n=ansible INFO| ok: [worker1]
2025-09-23 13:55:01,386 p=169837 u=you n=ansible INFO| ok: [master1]
2025-09-23 13:55:01,387 p=169837 u=you n=ansible INFO| ok: [master2]
2025-09-23 13:55:01,396 p=169837 u=you n=ansible INFO| TASK [common : Set timezone] ****************************************************************************************************************************************************************
2025-09-23 13:55:01,396 p=169837 u=you n=ansible INFO| Tuesday 23 September 2025  13:55:01 +0600 (0:00:00.220)       0:00:02.165 ***** 
2025-09-23 13:55:01,668 p=169837 u=you n=ansible INFO| ok: [master1]
2025-09-23 13:55:01,682 p=169837 u=you n=ansible INFO| ok: [worker1]
2025-09-23 13:55:01,697 p=169837 u=you n=ansible INFO| changed: [master2]
2025-09-23 13:55:01,708 p=169837 u=you n=ansible INFO| TASK [common : Load br_netfilter module] ****************************************************************************************************************************************************
2025-09-23 13:55:01,708 p=169837 u=you n=ansible INFO| Tuesday 23 September 2025  13:55:01 +0600 (0:00:00.312)       0:00:02.478 ***** 
2025-09-23 13:55:01,932 p=169837 u=you n=ansible INFO| ok: [worker1]
2025-09-23 13:55:01,933 p=169837 u=you n=ansible INFO| ok: [master1]
2025-09-23 13:55:01,933 p=169837 u=you n=ansible INFO| ok: [master2]
2025-09-23 13:55:01,940 p=169837 u=you n=ansible INFO| TASK [common : Configure sysctl for Kubernetes] *********************************************************************************************************************************************
2025-09-23 13:55:01,941 p=169837 u=you n=ansible INFO| Tuesday 23 September 2025  13:55:01 +0600 (0:00:00.232)       0:00:02.710 ***** 
2025-09-23 13:55:02,187 p=169837 u=you n=ansible INFO| ok: [worker1] => (item={'name': 'net.bridge.bridge-nf-call-iptables', 'value': '1'})
2025-09-23 13:55:02,189 p=169837 u=you n=ansible INFO| ok: [master2] => (item={'name': 'net.bridge.bridge-nf-call-iptables', 'value': '1'})
2025-09-23 13:55:02,190 p=169837 u=you n=ansible INFO| ok: [master1] => (item={'name': 'net.bridge.bridge-nf-call-iptables', 'value': '1'})
2025-09-23 13:55:02,390 p=169837 u=you n=ansible INFO| ok: [worker1] => (item={'name': 'net.bridge.bridge-nf-call-ip6tables', 'value': '1'})
2025-09-23 13:55:02,398 p=169837 u=you n=ansible INFO| ok: [master1] => (item={'name': 'net.bridge.bridge-nf-call-ip6tables', 'value': '1'})
2025-09-23 13:55:02,399 p=169837 u=you n=ansible INFO| ok: [master2] => (item={'name': 'net.bridge.bridge-nf-call-ip6tables', 'value': '1'})
2025-09-23 13:55:02,575 p=169837 u=you n=ansible INFO| ok: [master1] => (item={'name': 'net.ipv4.ip_forward', 'value': '1'})
2025-09-23 13:55:02,577 p=169837 u=you n=ansible INFO| ok: [worker1] => (item={'name': 'net.ipv4.ip_forward', 'value': '1'})
2025-09-23 13:55:02,579 p=169837 u=you n=ansible INFO| ok: [master2] => (item={'name': 'net.ipv4.ip_forward', 'value': '1'})
2025-09-23 13:55:02,768 p=169837 u=you n=ansible INFO| ok: [master1] => (item={'name': 'net.ipv4.conf.all.rp_filter', 'value': '1'})
2025-09-23 13:55:02,770 p=169837 u=you n=ansible INFO| ok: [worker1] => (item={'name': 'net.ipv4.conf.all.rp_filter', 'value': '1'})
2025-09-23 13:55:02,772 p=169837 u=you n=ansible INFO| ok: [master2] => (item={'name': 'net.ipv4.conf.all.rp_filter', 'value': '1'})
2025-09-23 13:55:02,962 p=169837 u=you n=ansible INFO| ok: [master1] => (item={'name': 'net.ipv4.conf.default.rp_filter', 'value': '1'})
2025-09-23 13:55:02,964 p=169837 u=you n=ansible INFO| ok: [master2] => (item={'name': 'net.ipv4.conf.default.rp_filter', 'value': '1'})
2025-09-23 13:55:02,965 p=169837 u=you n=ansible INFO| ok: [worker1] => (item={'name': 'net.ipv4.conf.default.rp_filter', 'value': '1'})
2025-09-23 13:55:02,975 p=169837 u=you n=ansible INFO| TASK [common : Create Kubernetes directories] ***********************************************************************************************************************************************
2025-09-23 13:55:02,975 p=169837 u=you n=ansible INFO| Tuesday 23 September 2025  13:55:02 +0600 (0:00:01.034)       0:00:03.745 ***** 
2025-09-23 13:55:03,243 p=169837 u=you n=ansible INFO| ok: [worker1] => (item=/etc/kubernetes)
2025-09-23 13:55:03,245 p=169837 u=you n=ansible INFO| ok: [master1] => (item=/etc/kubernetes)
2025-09-23 13:55:03,246 p=169837 u=you n=ansible INFO| ok: [master2] => (item=/etc/kubernetes)
2025-09-23 13:55:03,433 p=169837 u=you n=ansible INFO| ok: [worker1] => (item=/etc/kubernetes/manifests)
2025-09-23 13:55:03,434 p=169837 u=you n=ansible INFO| ok: [master2] => (item=/etc/kubernetes/manifests)
2025-09-23 13:55:03,434 p=169837 u=you n=ansible INFO| ok: [master1] => (item=/etc/kubernetes/manifests)
2025-09-23 13:55:03,628 p=169837 u=you n=ansible INFO| ok: [master1] => (item=/etc/kubernetes/pki)
2025-09-23 13:55:03,630 p=169837 u=you n=ansible INFO| ok: [master2] => (item=/etc/kubernetes/pki)
2025-09-23 13:55:03,658 p=169837 u=you n=ansible INFO| ok: [worker1] => (item=/etc/kubernetes/pki)
2025-09-23 13:55:03,838 p=169837 u=you n=ansible INFO| ok: [master2] => (item=/var/lib/kubelet)
2025-09-23 13:55:03,843 p=169837 u=you n=ansible INFO| ok: [master1] => (item=/var/lib/kubelet)
2025-09-23 13:55:03,859 p=169837 u=you n=ansible INFO| ok: [worker1] => (item=/var/lib/kubelet)
2025-09-23 13:55:04,020 p=169837 u=you n=ansible INFO| ok: [master2] => (item=/var/lib/kubernetes)
2025-09-23 13:55:04,022 p=169837 u=you n=ansible INFO| ok: [master1] => (item=/var/lib/kubernetes)
2025-09-23 13:55:04,036 p=169837 u=you n=ansible INFO| ok: [worker1] => (item=/var/lib/kubernetes)
2025-09-23 13:55:04,202 p=169837 u=you n=ansible INFO| ok: [master1] => (item=/opt/cni/bin)
2025-09-23 13:55:04,203 p=169837 u=you n=ansible INFO| ok: [master2] => (item=/opt/cni/bin)
2025-09-23 13:55:04,210 p=169837 u=you n=ansible INFO| ok: [worker1] => (item=/opt/cni/bin)
2025-09-23 13:55:04,393 p=169837 u=you n=ansible INFO| ok: [master2] => (item=/etc/cni/net.d)
2025-09-23 13:55:04,394 p=169837 u=you n=ansible INFO| ok: [master1] => (item=/etc/cni/net.d)
2025-09-23 13:55:04,425 p=169837 u=you n=ansible INFO| ok: [worker1] => (item=/etc/cni/net.d)
2025-09-23 13:55:04,430 p=169837 u=you n=ansible INFO| TASK [common : Install containerd] **********************************************************************************************************************************************************
2025-09-23 13:55:04,430 p=169837 u=you n=ansible INFO| Tuesday 23 September 2025  13:55:04 +0600 (0:00:01.454)       0:00:05.200 ***** 
2025-09-23 13:55:05,215 p=169837 u=you n=ansible INFO| ok: [master1]
2025-09-23 13:55:05,219 p=169837 u=you n=ansible INFO| ok: [worker1]
2025-09-23 13:55:05,220 p=169837 u=you n=ansible INFO| ok: [master2]
2025-09-23 13:55:05,227 p=169837 u=you n=ansible INFO| TASK [common : Create containerd config directory] ******************************************************************************************************************************************
2025-09-23 13:55:05,227 p=169837 u=you n=ansible INFO| Tuesday 23 September 2025  13:55:05 +0600 (0:00:00.797)       0:00:05.997 ***** 
2025-09-23 13:55:05,387 p=169837 u=you n=ansible INFO| ok: [master1]
2025-09-23 13:55:05,396 p=169837 u=you n=ansible INFO| ok: [worker1]
2025-09-23 13:55:05,397 p=169837 u=you n=ansible INFO| ok: [master2]
2025-09-23 13:55:05,402 p=169837 u=you n=ansible INFO| TASK [common : Generate containerd config] **************************************************************************************************************************************************
2025-09-23 13:55:05,402 p=169837 u=you n=ansible INFO| Tuesday 23 September 2025  13:55:05 +0600 (0:00:00.174)       0:00:06.172 ***** 
2025-09-23 13:55:05,590 p=169837 u=you n=ansible INFO| changed: [master1]
2025-09-23 13:55:05,605 p=169837 u=you n=ansible INFO| changed: [master2]
2025-09-23 13:55:05,611 p=169837 u=you n=ansible INFO| changed: [worker1]
2025-09-23 13:55:05,617 p=169837 u=you n=ansible INFO| TASK [common : Write containerd config] *****************************************************************************************************************************************************
2025-09-23 13:55:05,617 p=169837 u=you n=ansible INFO| Tuesday 23 September 2025  13:55:05 +0600 (0:00:00.215)       0:00:06.387 ***** 
2025-09-23 13:55:06,135 p=169837 u=you n=ansible INFO| changed: [master1]
2025-09-23 13:55:06,136 p=169837 u=you n=ansible INFO| changed: [worker1]
2025-09-23 13:55:06,175 p=169837 u=you n=ansible INFO| changed: [master2]
2025-09-23 13:55:06,185 p=169837 u=you n=ansible INFO| TASK [common : Configure containerd systemd cgroup driver] **********************************************************************************************************************************
2025-09-23 13:55:06,185 p=169837 u=you n=ansible INFO| Tuesday 23 September 2025  13:55:06 +0600 (0:00:00.567)       0:00:06.955 ***** 
2025-09-23 13:55:06,353 p=169837 u=you n=ansible INFO| changed: [master1]
2025-09-23 13:55:06,357 p=169837 u=you n=ansible INFO| changed: [master2]
2025-09-23 13:55:06,362 p=169837 u=you n=ansible INFO| changed: [worker1]
2025-09-23 13:55:06,366 p=169837 u=you n=ansible INFO| TASK [common : Enable and restart containerd] ***********************************************************************************************************************************************
2025-09-23 13:55:06,366 p=169837 u=you n=ansible INFO| Tuesday 23 September 2025  13:55:06 +0600 (0:00:00.181)       0:00:07.136 ***** 
2025-09-23 13:55:06,900 p=169837 u=you n=ansible INFO| changed: [worker1]
2025-09-23 13:55:06,903 p=169837 u=you n=ansible INFO| changed: [master1]
2025-09-23 13:55:06,919 p=169837 u=you n=ansible INFO| changed: [master2]
2025-09-23 13:55:06,928 p=169837 u=you n=ansible INFO| TASK [common : Create directory for apt keyring] ********************************************************************************************************************************************
2025-09-23 13:55:06,928 p=169837 u=you n=ansible INFO| Tuesday 23 September 2025  13:55:06 +0600 (0:00:00.561)       0:00:07.698 ***** 
2025-09-23 13:55:07,113 p=169837 u=you n=ansible INFO| ok: [master1]
2025-09-23 13:55:07,119 p=169837 u=you n=ansible INFO| ok: [master2]
2025-09-23 13:55:07,125 p=169837 u=you n=ansible INFO| ok: [worker1]
2025-09-23 13:55:07,131 p=169837 u=you n=ansible INFO| TASK [common : Download Kubernetes apt repository key] **************************************************************************************************************************************
2025-09-23 13:55:07,131 p=169837 u=you n=ansible INFO| Tuesday 23 September 2025  13:55:07 +0600 (0:00:00.203)       0:00:07.901 ***** 
2025-09-23 13:55:07,860 p=169837 u=you n=ansible INFO| ok: [master1]
2025-09-23 13:55:07,864 p=169837 u=you n=ansible INFO| ok: [worker1]
2025-09-23 13:55:07,975 p=169837 u=you n=ansible INFO| ok: [master2]
2025-09-23 13:55:07,989 p=169837 u=you n=ansible INFO| TASK [common : Convert Kubernetes apt key to gpg format] ************************************************************************************************************************************
2025-09-23 13:55:07,989 p=169837 u=you n=ansible INFO| Tuesday 23 September 2025  13:55:07 +0600 (0:00:00.857)       0:00:08.759 ***** 
2025-09-23 13:55:08,139 p=169837 u=you n=ansible INFO| ok: [master1]
2025-09-23 13:55:08,147 p=169837 u=you n=ansible INFO| ok: [master2]
2025-09-23 13:55:08,169 p=169837 u=you n=ansible INFO| ok: [worker1]
2025-09-23 13:55:08,182 p=169837 u=you n=ansible INFO| TASK [common : Add Kubernetes apt repository] ***********************************************************************************************************************************************
2025-09-23 13:55:08,182 p=169837 u=you n=ansible INFO| Tuesday 23 September 2025  13:55:08 +0600 (0:00:00.192)       0:00:08.952 ***** 
2025-09-23 13:55:08,511 p=169837 u=you n=ansible INFO| ok: [worker1]
2025-09-23 13:55:08,512 p=169837 u=you n=ansible INFO| ok: [master2]
2025-09-23 13:55:08,513 p=169837 u=you n=ansible INFO| ok: [master1]
2025-09-23 13:55:08,523 p=169837 u=you n=ansible INFO| TASK [common : Update apt cache] ************************************************************************************************************************************************************
2025-09-23 13:55:08,523 p=169837 u=you n=ansible INFO| Tuesday 23 September 2025  13:55:08 +0600 (0:00:00.341)       0:00:09.293 ***** 
2025-09-23 13:55:10,234 p=169837 u=you n=ansible INFO| ok: [worker1]
2025-09-23 13:55:10,259 p=169837 u=you n=ansible INFO| ok: [master2]
2025-09-23 13:55:10,475 p=169837 u=you n=ansible INFO| ok: [master1]
2025-09-23 13:55:10,487 p=169837 u=you n=ansible INFO| TASK [common : Install Kubernetes packages] *************************************************************************************************************************************************
2025-09-23 13:55:10,488 p=169837 u=you n=ansible INFO| Tuesday 23 September 2025  13:55:10 +0600 (0:00:01.964)       0:00:11.257 ***** 
2025-09-23 13:55:11,107 p=169837 u=you n=ansible INFO| fatal: [master1]: FAILED! => changed=false 
  cache_update_time: 1758613899
  cache_updated: false
  msg: no available installation candidate for kubelet=1.33-1.1
2025-09-23 13:55:11,107 p=169837 u=you n=ansible INFO| fatal: [master2]: FAILED! => changed=false 
  cache_update_time: 1758613899
  cache_updated: false
  msg: no available installation candidate for kubelet=1.33-1.1
2025-09-23 13:55:11,109 p=169837 u=you n=ansible INFO| fatal: [worker1]: FAILED! => changed=false 
  cache_update_time: 1758613899
  cache_updated: false
  msg: no available installation candidate for kubelet=1.33-1.1
2025-09-23 13:55:11,111 p=169837 u=you n=ansible INFO| PLAY RECAP **********************************************************************************************************************************************************************************
2025-09-23 13:55:11,111 p=169837 u=you n=ansible INFO| master1                    : ok=19   changed=5    unreachable=0    failed=1    skipped=0    rescued=0    ignored=0   
2025-09-23 13:55:11,111 p=169837 u=you n=ansible INFO| master2                    : ok=19   changed=6    unreachable=0    failed=1    skipped=0    rescued=0    ignored=0   
2025-09-23 13:55:11,111 p=169837 u=you n=ansible INFO| worker1                    : ok=19   changed=5    unreachable=0    failed=1    skipped=0    rescued=0    ignored=0   
2025-09-23 13:55:11,111 p=169837 u=you n=ansible INFO| Tuesday 23 September 2025  13:55:11 +0600 (0:00:00.623)       0:00:11.881 ***** 
2025-09-23 13:55:11,112 p=169837 u=you n=ansible INFO| =============================================================================== 
2025-09-23 13:55:11,112 p=169837 u=you n=ansible INFO| common : Update apt cache ------------------------------------------------------------------------------------------------------------------------------------------------------------ 1.96s
2025-09-23 13:55:11,112 p=169837 u=you n=ansible INFO| common : Create Kubernetes directories ----------------------------------------------------------------------------------------------------------------------------------------------- 1.45s
2025-09-23 13:55:11,112 p=169837 u=you n=ansible INFO| common : Configure sysctl for Kubernetes --------------------------------------------------------------------------------------------------------------------------------------------- 1.03s
2025-09-23 13:55:11,112 p=169837 u=you n=ansible INFO| common : Update apt cache ------------------------------------------------------------------------------------------------------------------------------------------------------------ 0.95s
2025-09-23 13:55:11,112 p=169837 u=you n=ansible INFO| common : Download Kubernetes apt repository key -------------------------------------------------------------------------------------------------------------------------------------- 0.86s
2025-09-23 13:55:11,112 p=169837 u=you n=ansible INFO| common : Install containerd ---------------------------------------------------------------------------------------------------------------------------------------------------------- 0.80s
2025-09-23 13:55:11,112 p=169837 u=you n=ansible INFO| common : Install required packages --------------------------------------------------------------------------------------------------------------------------------------------------- 0.75s
2025-09-23 13:55:11,112 p=169837 u=you n=ansible INFO| common : Install Kubernetes packages ------------------------------------------------------------------------------------------------------------------------------------------------- 0.62s
2025-09-23 13:55:11,112 p=169837 u=you n=ansible INFO| common : Write containerd config ----------------------------------------------------------------------------------------------------------------------------------------------------- 0.57s
2025-09-23 13:55:11,112 p=169837 u=you n=ansible INFO| common : Enable and restart containerd ----------------------------------------------------------------------------------------------------------------------------------------------- 0.56s
2025-09-23 13:55:11,112 p=169837 u=you n=ansible INFO| common : Add Kubernetes apt repository ----------------------------------------------------------------------------------------------------------------------------------------------- 0.34s
2025-09-23 13:55:11,112 p=169837 u=you n=ansible INFO| common : Set timezone ---------------------------------------------------------------------------------------------------------------------------------------------------------------- 0.31s
2025-09-23 13:55:11,112 p=169837 u=you n=ansible INFO| common : Load br_netfilter module ---------------------------------------------------------------------------------------------------------------------------------------------------- 0.23s
2025-09-23 13:55:11,112 p=169837 u=you n=ansible INFO| common : Disable swap ---------------------------------------------------------------------------------------------------------------------------------------------------------------- 0.22s
2025-09-23 13:55:11,112 p=169837 u=you n=ansible INFO| common : Remove swap from fstab ------------------------------------------------------------------------------------------------------------------------------------------------------ 0.22s
2025-09-23 13:55:11,112 p=169837 u=you n=ansible INFO| common : Generate containerd config -------------------------------------------------------------------------------------------------------------------------------------------------- 0.22s
2025-09-23 13:55:11,112 p=169837 u=you n=ansible INFO| common : Create directory for apt keyring -------------------------------------------------------------------------------------------------------------------------------------------- 0.20s
2025-09-23 13:55:11,112 p=169837 u=you n=ansible INFO| common : Convert Kubernetes apt key to gpg format ------------------------------------------------------------------------------------------------------------------------------------ 0.19s
2025-09-23 13:55:11,112 p=169837 u=you n=ansible INFO| common : Configure containerd systemd cgroup driver ---------------------------------------------------------------------------------------------------------------------------------- 0.18s
2025-09-23 13:55:11,112 p=169837 u=you n=ansible INFO| common : Create containerd config directory ------------------------------------------------------------------------------------------------------------------------------------------ 0.17s
2025-09-23 16:37:17,108 p=276419 u=you n=ansible INFO| [DEPRECATION WARNING]: community.general.yaml has been deprecated. The plugin has been superseded by the the option `result_format=yaml` in callback plugin ansible.builtin.default from 
ansible-core 2.13 onwards. This feature will be removed from community.general in version 13.0.0. Deprecation warnings can be disabled by setting deprecation_warnings=False in ansible.cfg.
2025-09-23 16:37:17,122 p=276419 u=you n=ansible INFO| PLAY [Setup Kubernetes Cluster] *************************************************************************************************************************************************************
2025-09-23 16:37:17,135 p=276419 u=you n=ansible INFO| TASK [common : Update apt cache] ************************************************************************************************************************************************************
2025-09-23 16:37:17,135 p=276419 u=you n=ansible INFO| Tuesday 23 September 2025  16:37:17 +0600 (0:00:00.015)       0:00:00.015 ***** 
2025-09-23 16:37:18,018 p=276419 u=you n=ansible INFO| ok: [master2]
2025-09-23 16:37:20,698 p=276419 u=you n=ansible INFO| changed: [master1]
2025-09-23 16:37:20,794 p=276419 u=you n=ansible INFO| changed: [worker1]
2025-09-23 16:37:20,804 p=276419 u=you n=ansible INFO| TASK [common : Install required packages] ***************************************************************************************************************************************************
2025-09-23 16:37:20,804 p=276419 u=you n=ansible INFO| Tuesday 23 September 2025  16:37:20 +0600 (0:00:03.669)       0:00:03.684 ***** 
2025-09-23 16:37:21,575 p=276419 u=you n=ansible INFO| ok: [master1]
2025-09-23 16:37:21,581 p=276419 u=you n=ansible INFO| ok: [master2]
2025-09-23 16:37:21,586 p=276419 u=you n=ansible INFO| ok: [worker1]
2025-09-23 16:37:21,608 p=276419 u=you n=ansible INFO| TASK [common : Disable swap] ****************************************************************************************************************************************************************
2025-09-23 16:37:21,608 p=276419 u=you n=ansible INFO| Tuesday 23 September 2025  16:37:21 +0600 (0:00:00.804)       0:00:04.489 ***** 
2025-09-23 16:37:21,827 p=276419 u=you n=ansible INFO| changed: [master1]
2025-09-23 16:37:21,829 p=276419 u=you n=ansible INFO| changed: [worker1]
2025-09-23 16:37:21,830 p=276419 u=you n=ansible INFO| changed: [master2]
2025-09-23 16:37:21,837 p=276419 u=you n=ansible INFO| TASK [common : Remove swap from fstab] ******************************************************************************************************************************************************
2025-09-23 16:37:21,837 p=276419 u=you n=ansible INFO| Tuesday 23 September 2025  16:37:21 +0600 (0:00:00.228)       0:00:04.717 ***** 
2025-09-23 16:37:22,043 p=276419 u=you n=ansible INFO| ok: [worker1]
2025-09-23 16:37:22,043 p=276419 u=you n=ansible INFO| ok: [master2]
2025-09-23 16:37:22,044 p=276419 u=you n=ansible INFO| ok: [master1]
2025-09-23 16:37:22,048 p=276419 u=you n=ansible INFO| TASK [common : Set timezone] ****************************************************************************************************************************************************************
2025-09-23 16:37:22,048 p=276419 u=you n=ansible INFO| Tuesday 23 September 2025  16:37:22 +0600 (0:00:00.211)       0:00:04.929 ***** 
2025-09-23 16:37:22,324 p=276419 u=you n=ansible INFO| ok: [master2]
2025-09-23 16:37:22,388 p=276419 u=you n=ansible INFO| changed: [worker1]
2025-09-23 16:37:22,391 p=276419 u=you n=ansible INFO| changed: [master1]
2025-09-23 16:37:22,402 p=276419 u=you n=ansible INFO| TASK [common : Load br_netfilter module] ****************************************************************************************************************************************************
2025-09-23 16:37:22,402 p=276419 u=you n=ansible INFO| Tuesday 23 September 2025  16:37:22 +0600 (0:00:00.353)       0:00:05.282 ***** 
2025-09-23 16:37:22,607 p=276419 u=you n=ansible INFO| ok: [master2]
2025-09-23 16:37:22,627 p=276419 u=you n=ansible INFO| ok: [master1]
2025-09-23 16:37:22,628 p=276419 u=you n=ansible INFO| ok: [worker1]
2025-09-23 16:37:22,638 p=276419 u=you n=ansible INFO| TASK [common : Configure sysctl for Kubernetes] *********************************************************************************************************************************************
2025-09-23 16:37:22,638 p=276419 u=you n=ansible INFO| Tuesday 23 September 2025  16:37:22 +0600 (0:00:00.235)       0:00:05.518 ***** 
2025-09-23 16:37:22,872 p=276419 u=you n=ansible INFO| ok: [master1] => (item={'name': 'net.bridge.bridge-nf-call-iptables', 'value': '1'})
2025-09-23 16:37:22,873 p=276419 u=you n=ansible INFO| ok: [master2] => (item={'name': 'net.bridge.bridge-nf-call-iptables', 'value': '1'})
2025-09-23 16:37:22,873 p=276419 u=you n=ansible INFO| ok: [worker1] => (item={'name': 'net.bridge.bridge-nf-call-iptables', 'value': '1'})
2025-09-23 16:37:23,033 p=276419 u=you n=ansible INFO| ok: [worker1] => (item={'name': 'net.bridge.bridge-nf-call-ip6tables', 'value': '1'})
2025-09-23 16:37:23,035 p=276419 u=you n=ansible INFO| ok: [master1] => (item={'name': 'net.bridge.bridge-nf-call-ip6tables', 'value': '1'})
2025-09-23 16:37:23,039 p=276419 u=you n=ansible INFO| ok: [master2] => (item={'name': 'net.bridge.bridge-nf-call-ip6tables', 'value': '1'})
2025-09-23 16:37:23,198 p=276419 u=you n=ansible INFO| ok: [master2] => (item={'name': 'net.ipv4.ip_forward', 'value': '1'})
2025-09-23 16:37:23,199 p=276419 u=you n=ansible INFO| ok: [worker1] => (item={'name': 'net.ipv4.ip_forward', 'value': '1'})
2025-09-23 16:37:23,201 p=276419 u=you n=ansible INFO| ok: [master1] => (item={'name': 'net.ipv4.ip_forward', 'value': '1'})
2025-09-23 16:37:23,363 p=276419 u=you n=ansible INFO| ok: [master2] => (item={'name': 'net.ipv4.conf.all.rp_filter', 'value': '1'})
2025-09-23 16:37:23,364 p=276419 u=you n=ansible INFO| ok: [worker1] => (item={'name': 'net.ipv4.conf.all.rp_filter', 'value': '1'})
2025-09-23 16:37:23,367 p=276419 u=you n=ansible INFO| ok: [master1] => (item={'name': 'net.ipv4.conf.all.rp_filter', 'value': '1'})
2025-09-23 16:37:23,533 p=276419 u=you n=ansible INFO| ok: [master2] => (item={'name': 'net.ipv4.conf.default.rp_filter', 'value': '1'})
2025-09-23 16:37:23,534 p=276419 u=you n=ansible INFO| ok: [master1] => (item={'name': 'net.ipv4.conf.default.rp_filter', 'value': '1'})
2025-09-23 16:37:23,538 p=276419 u=you n=ansible INFO| ok: [worker1] => (item={'name': 'net.ipv4.conf.default.rp_filter', 'value': '1'})
2025-09-23 16:37:23,548 p=276419 u=you n=ansible INFO| TASK [common : Create Kubernetes directories] ***********************************************************************************************************************************************
2025-09-23 16:37:23,548 p=276419 u=you n=ansible INFO| Tuesday 23 September 2025  16:37:23 +0600 (0:00:00.910)       0:00:06.428 ***** 
2025-09-23 16:37:23,793 p=276419 u=you n=ansible INFO| ok: [master1] => (item=/etc/kubernetes)
2025-09-23 16:37:23,793 p=276419 u=you n=ansible INFO| ok: [master2] => (item=/etc/kubernetes)
2025-09-23 16:37:23,793 p=276419 u=you n=ansible INFO| ok: [worker1] => (item=/etc/kubernetes)
2025-09-23 16:37:23,961 p=276419 u=you n=ansible INFO| ok: [master2] => (item=/etc/kubernetes/manifests)
2025-09-23 16:37:23,962 p=276419 u=you n=ansible INFO| ok: [master1] => (item=/etc/kubernetes/manifests)
2025-09-23 16:37:23,962 p=276419 u=you n=ansible INFO| ok: [worker1] => (item=/etc/kubernetes/manifests)
2025-09-23 16:37:24,122 p=276419 u=you n=ansible INFO| ok: [master1] => (item=/etc/kubernetes/pki)
2025-09-23 16:37:24,127 p=276419 u=you n=ansible INFO| ok: [master2] => (item=/etc/kubernetes/pki)
2025-09-23 16:37:24,153 p=276419 u=you n=ansible INFO| ok: [worker1] => (item=/etc/kubernetes/pki)
2025-09-23 16:37:24,294 p=276419 u=you n=ansible INFO| ok: [master1] => (item=/var/lib/kubelet)
2025-09-23 16:37:24,295 p=276419 u=you n=ansible INFO| ok: [master2] => (item=/var/lib/kubelet)
2025-09-23 16:37:24,317 p=276419 u=you n=ansible INFO| ok: [worker1] => (item=/var/lib/kubelet)
2025-09-23 16:37:24,457 p=276419 u=you n=ansible INFO| ok: [master1] => (item=/var/lib/kubernetes)
2025-09-23 16:37:24,458 p=276419 u=you n=ansible INFO| ok: [master2] => (item=/var/lib/kubernetes)
2025-09-23 16:37:24,474 p=276419 u=you n=ansible INFO| ok: [worker1] => (item=/var/lib/kubernetes)
2025-09-23 16:37:24,621 p=276419 u=you n=ansible INFO| ok: [master1] => (item=/opt/cni/bin)
2025-09-23 16:37:24,622 p=276419 u=you n=ansible INFO| ok: [master2] => (item=/opt/cni/bin)
2025-09-23 16:37:24,632 p=276419 u=you n=ansible INFO| ok: [worker1] => (item=/opt/cni/bin)
2025-09-23 16:37:24,798 p=276419 u=you n=ansible INFO| ok: [master1] => (item=/etc/cni/net.d)
2025-09-23 16:37:24,798 p=276419 u=you n=ansible INFO| ok: [master2] => (item=/etc/cni/net.d)
2025-09-23 16:37:24,823 p=276419 u=you n=ansible INFO| ok: [worker1] => (item=/etc/cni/net.d)
2025-09-23 16:37:24,828 p=276419 u=you n=ansible INFO| TASK [common : Install containerd] **********************************************************************************************************************************************************
2025-09-23 16:37:24,828 p=276419 u=you n=ansible INFO| Tuesday 23 September 2025  16:37:24 +0600 (0:00:01.279)       0:00:07.708 ***** 
2025-09-23 16:37:25,570 p=276419 u=you n=ansible INFO| ok: [worker1]
2025-09-23 16:37:25,570 p=276419 u=you n=ansible INFO| ok: [master1]
2025-09-23 16:37:25,571 p=276419 u=you n=ansible INFO| ok: [master2]
2025-09-23 16:37:25,581 p=276419 u=you n=ansible INFO| TASK [common : Create containerd config directory] ******************************************************************************************************************************************
2025-09-23 16:37:25,581 p=276419 u=you n=ansible INFO| Tuesday 23 September 2025  16:37:25 +0600 (0:00:00.753)       0:00:08.461 ***** 
2025-09-23 16:37:25,784 p=276419 u=you n=ansible INFO| ok: [master1]
2025-09-23 16:37:25,790 p=276419 u=you n=ansible INFO| ok: [master2]
2025-09-23 16:37:25,793 p=276419 u=you n=ansible INFO| ok: [worker1]
2025-09-23 16:37:25,803 p=276419 u=you n=ansible INFO| TASK [common : Generate containerd config] **************************************************************************************************************************************************
2025-09-23 16:37:25,803 p=276419 u=you n=ansible INFO| Tuesday 23 September 2025  16:37:25 +0600 (0:00:00.222)       0:00:08.683 ***** 
2025-09-23 16:37:26,012 p=276419 u=you n=ansible INFO| changed: [master1]
2025-09-23 16:37:26,018 p=276419 u=you n=ansible INFO| changed: [master2]
2025-09-23 16:37:26,023 p=276419 u=you n=ansible INFO| changed: [worker1]
2025-09-23 16:37:26,044 p=276419 u=you n=ansible INFO| TASK [common : Write containerd config] *****************************************************************************************************************************************************
2025-09-23 16:37:26,044 p=276419 u=you n=ansible INFO| Tuesday 23 September 2025  16:37:26 +0600 (0:00:00.241)       0:00:08.924 ***** 
2025-09-23 16:37:26,583 p=276419 u=you n=ansible INFO| changed: [master1]
2025-09-23 16:37:26,584 p=276419 u=you n=ansible INFO| changed: [master2]
2025-09-23 16:37:26,586 p=276419 u=you n=ansible INFO| changed: [worker1]
2025-09-23 16:37:26,591 p=276419 u=you n=ansible INFO| TASK [common : Configure containerd systemd cgroup driver] **********************************************************************************************************************************
2025-09-23 16:37:26,591 p=276419 u=you n=ansible INFO| Tuesday 23 September 2025  16:37:26 +0600 (0:00:00.546)       0:00:09.471 ***** 
2025-09-23 16:37:26,772 p=276419 u=you n=ansible INFO| changed: [master1]
2025-09-23 16:37:26,776 p=276419 u=you n=ansible INFO| changed: [master2]
2025-09-23 16:37:26,787 p=276419 u=you n=ansible INFO| changed: [worker1]
2025-09-23 16:37:26,796 p=276419 u=you n=ansible INFO| TASK [common : Enable and restart containerd] ***********************************************************************************************************************************************
2025-09-23 16:37:26,796 p=276419 u=you n=ansible INFO| Tuesday 23 September 2025  16:37:26 +0600 (0:00:00.205)       0:00:09.676 ***** 
2025-09-23 16:37:27,360 p=276419 u=you n=ansible INFO| changed: [master2]
2025-09-23 16:37:27,365 p=276419 u=you n=ansible INFO| changed: [master1]
2025-09-23 16:37:27,369 p=276419 u=you n=ansible INFO| changed: [worker1]
2025-09-23 16:37:27,376 p=276419 u=you n=ansible INFO| TASK [common : Create directory for apt keyring] ********************************************************************************************************************************************
2025-09-23 16:37:27,376 p=276419 u=you n=ansible INFO| Tuesday 23 September 2025  16:37:27 +0600 (0:00:00.579)       0:00:10.256 ***** 
2025-09-23 16:37:27,546 p=276419 u=you n=ansible INFO| ok: [master1]
2025-09-23 16:37:27,553 p=276419 u=you n=ansible INFO| ok: [master2]
2025-09-23 16:37:27,567 p=276419 u=you n=ansible INFO| ok: [worker1]
2025-09-23 16:37:27,574 p=276419 u=you n=ansible INFO| TASK [common : Download Kubernetes apt repository key] **************************************************************************************************************************************
2025-09-23 16:37:27,574 p=276419 u=you n=ansible INFO| Tuesday 23 September 2025  16:37:27 +0600 (0:00:00.198)       0:00:10.454 ***** 
2025-09-23 16:37:28,302 p=276419 u=you n=ansible INFO| ok: [master1]
2025-09-23 16:37:28,302 p=276419 u=you n=ansible INFO| ok: [worker1]
2025-09-23 16:37:28,331 p=276419 u=you n=ansible INFO| ok: [master2]
2025-09-23 16:37:28,349 p=276419 u=you n=ansible INFO| TASK [common : Convert Kubernetes apt key to gpg format] ************************************************************************************************************************************
2025-09-23 16:37:28,349 p=276419 u=you n=ansible INFO| Tuesday 23 September 2025  16:37:28 +0600 (0:00:00.774)       0:00:11.229 ***** 
2025-09-23 16:37:28,519 p=276419 u=you n=ansible INFO| ok: [master1]
2025-09-23 16:37:28,526 p=276419 u=you n=ansible INFO| ok: [master2]
2025-09-23 16:37:28,538 p=276419 u=you n=ansible INFO| ok: [worker1]
2025-09-23 16:37:28,546 p=276419 u=you n=ansible INFO| TASK [common : Add Kubernetes apt repository] ***********************************************************************************************************************************************
2025-09-23 16:37:28,547 p=276419 u=you n=ansible INFO| Tuesday 23 September 2025  16:37:28 +0600 (0:00:00.197)       0:00:11.427 ***** 
2025-09-23 16:37:28,877 p=276419 u=you n=ansible INFO| ok: [master2]
2025-09-23 16:37:28,879 p=276419 u=you n=ansible INFO| ok: [master1]
2025-09-23 16:37:28,881 p=276419 u=you n=ansible INFO| ok: [worker1]
2025-09-23 16:37:28,887 p=276419 u=you n=ansible INFO| TASK [common : Update apt cache] ************************************************************************************************************************************************************
2025-09-23 16:37:28,887 p=276419 u=you n=ansible INFO| Tuesday 23 September 2025  16:37:28 +0600 (0:00:00.340)       0:00:11.767 ***** 
2025-09-23 16:37:30,596 p=276419 u=you n=ansible INFO| ok: [worker1]
2025-09-23 16:37:30,871 p=276419 u=you n=ansible INFO| ok: [master1]
2025-09-23 16:37:30,933 p=276419 u=you n=ansible INFO| ok: [master2]
2025-09-23 16:37:30,943 p=276419 u=you n=ansible INFO| TASK [common : Install Kubernetes packages] *************************************************************************************************************************************************
2025-09-23 16:37:30,944 p=276419 u=you n=ansible INFO| Tuesday 23 September 2025  16:37:30 +0600 (0:00:02.056)       0:00:13.824 ***** 
2025-09-23 16:37:31,478 p=276419 u=you n=ansible INFO| fatal: [master1]: FAILED! => changed=false 
  cache_update_time: 1758623839
  cache_updated: false
  msg: no available installation candidate for kubelet=1.33
2025-09-23 16:37:31,509 p=276419 u=you n=ansible INFO| fatal: [worker1]: FAILED! => changed=false 
  cache_update_time: 1758623839
  cache_updated: false
  msg: no available installation candidate for kubelet=1.33
2025-09-23 16:37:31,510 p=276419 u=you n=ansible INFO| fatal: [master2]: FAILED! => changed=false 
  cache_update_time: 1758623448
  cache_updated: false
  msg: no available installation candidate for kubelet=1.33
2025-09-23 16:37:31,511 p=276419 u=you n=ansible INFO| PLAY RECAP **********************************************************************************************************************************************************************************
2025-09-23 16:37:31,512 p=276419 u=you n=ansible INFO| master1                    : ok=19   changed=7    unreachable=0    failed=1    skipped=0    rescued=0    ignored=0   
2025-09-23 16:37:31,512 p=276419 u=you n=ansible INFO| master2                    : ok=19   changed=5    unreachable=0    failed=1    skipped=0    rescued=0    ignored=0   
2025-09-23 16:37:31,512 p=276419 u=you n=ansible INFO| worker1                    : ok=19   changed=7    unreachable=0    failed=1    skipped=0    rescued=0    ignored=0   
2025-09-23 16:37:31,512 p=276419 u=you n=ansible INFO| Tuesday 23 September 2025  16:37:31 +0600 (0:00:00.568)       0:00:14.392 ***** 
2025-09-23 16:37:31,512 p=276419 u=you n=ansible INFO| =============================================================================== 
2025-09-23 16:37:31,512 p=276419 u=you n=ansible INFO| common : Update apt cache ------------------------------------------------------------------------------------------------------------------------------------------------------------ 3.67s
2025-09-23 16:37:31,512 p=276419 u=you n=ansible INFO| common : Update apt cache ------------------------------------------------------------------------------------------------------------------------------------------------------------ 2.06s
2025-09-23 16:37:31,512 p=276419 u=you n=ansible INFO| common : Create Kubernetes directories ----------------------------------------------------------------------------------------------------------------------------------------------- 1.28s
2025-09-23 16:37:31,512 p=276419 u=you n=ansible INFO| common : Configure sysctl for Kubernetes --------------------------------------------------------------------------------------------------------------------------------------------- 0.91s
2025-09-23 16:37:31,512 p=276419 u=you n=ansible INFO| common : Install required packages --------------------------------------------------------------------------------------------------------------------------------------------------- 0.80s
2025-09-23 16:37:31,512 p=276419 u=you n=ansible INFO| common : Download Kubernetes apt repository key -------------------------------------------------------------------------------------------------------------------------------------- 0.77s
2025-09-23 16:37:31,512 p=276419 u=you n=ansible INFO| common : Install containerd ---------------------------------------------------------------------------------------------------------------------------------------------------------- 0.75s
2025-09-23 16:37:31,512 p=276419 u=you n=ansible INFO| common : Enable and restart containerd ----------------------------------------------------------------------------------------------------------------------------------------------- 0.58s
2025-09-23 16:37:31,512 p=276419 u=you n=ansible INFO| common : Install Kubernetes packages ------------------------------------------------------------------------------------------------------------------------------------------------- 0.57s
2025-09-23 16:37:31,512 p=276419 u=you n=ansible INFO| common : Write containerd config ----------------------------------------------------------------------------------------------------------------------------------------------------- 0.55s
2025-09-23 16:37:31,512 p=276419 u=you n=ansible INFO| common : Set timezone ---------------------------------------------------------------------------------------------------------------------------------------------------------------- 0.35s
2025-09-23 16:37:31,512 p=276419 u=you n=ansible INFO| common : Add Kubernetes apt repository ----------------------------------------------------------------------------------------------------------------------------------------------- 0.34s
2025-09-23 16:37:31,512 p=276419 u=you n=ansible INFO| common : Generate containerd config -------------------------------------------------------------------------------------------------------------------------------------------------- 0.24s
2025-09-23 16:37:31,512 p=276419 u=you n=ansible INFO| common : Load br_netfilter module ---------------------------------------------------------------------------------------------------------------------------------------------------- 0.24s
2025-09-23 16:37:31,512 p=276419 u=you n=ansible INFO| common : Disable swap ---------------------------------------------------------------------------------------------------------------------------------------------------------------- 0.23s
2025-09-23 16:37:31,512 p=276419 u=you n=ansible INFO| common : Create containerd config directory ------------------------------------------------------------------------------------------------------------------------------------------ 0.22s
2025-09-23 16:37:31,512 p=276419 u=you n=ansible INFO| common : Remove swap from fstab ------------------------------------------------------------------------------------------------------------------------------------------------------ 0.21s
2025-09-23 16:37:31,513 p=276419 u=you n=ansible INFO| common : Configure containerd systemd cgroup driver ---------------------------------------------------------------------------------------------------------------------------------- 0.21s
2025-09-23 16:37:31,513 p=276419 u=you n=ansible INFO| common : Create directory for apt keyring -------------------------------------------------------------------------------------------------------------------------------------------- 0.20s
2025-09-23 16:37:31,513 p=276419 u=you n=ansible INFO| common : Convert Kubernetes apt key to gpg format ------------------------------------------------------------------------------------------------------------------------------------ 0.20s
